# JRE version: Java(TM) SE Runtime Environment (8.0_151-b12) (build 1.8.0_151-b12)
# Java VM: Java HotSpot(TM) 64-Bit Server VM (25.151-b12 mixed mode windows-amd64 compressed oops)
Heap:
 PSYoungGen      total 51200K, used 2882K [0x00000000d6000000, 0x00000000dc500000, 0x0000000100000000)
  eden space 31744K, 5% used [0x00000000d6000000,0x00000000d61cf9b0,0x00000000d7f00000)
  from space 19456K, 5% used [0x00000000d7f00000,0x00000000d8001010,0x00000000d9200000)
  to   space 19968K, 0% used [0x00000000db180000,0x00000000db180000,0x00000000dc500000)
 ParOldGen       total 86016K, used 25527K [0x0000000082000000, 0x0000000087400000, 0x00000000d6000000)
  object space 86016K, 29% used [0x0000000082000000,0x00000000838edc20,0x0000000087400000)
 Metaspace       used 16363K, capacity 16552K, committed 16768K, reserved 1064960K
  class space    used 2108K, capacity 2156K, committed 2176K, reserved 1048576K
GC Heap History (10 events):
Event: 14.458 GC heap before
{Heap before GC invocations=3 (full 0):
 PSYoungGen      total 37888K, used 37754K [0x00000000d6000000, 0x00000000d8a00000, 0x0000000100000000)
  eden space 32768K, 99% used [0x00000000d6000000,0x00000000d7fe2648,0x00000000d8000000)
  from space 5120K, 99% used [0x00000000d8500000,0x00000000d89fc290,0x00000000d8a00000)
  to   space 5120K, 0% used [0x00000000d8000000,0x00000000d8000000,0x00000000d8500000)
 ParOldGen       total 86016K, used 17705K [0x0000000082000000, 0x0000000087400000, 0x00000000d6000000)
  object space 86016K, 20% used [0x0000000082000000,0x000000008314a7b0,0x0000000087400000)
 Metaspace       used 16217K, capacity 16416K, committed 16512K, reserved 1062912K
  class space    used 2103K, capacity 2156K, committed 2176K, reserved 1048576K
Event: 14.461 GC heap after
Heap after GC invocations=3 (full 0):
 PSYoungGen      total 37888K, used 5088K [0x00000000d6000000, 0x00000000d8a00000, 0x0000000100000000)
  eden space 32768K, 0% used [0x00000000d6000000,0x00000000d6000000,0x00000000d8000000)
  from space 5120K, 99% used [0x00000000d8000000,0x00000000d84f8280,0x00000000d8500000)
  to   space 5120K, 0% used [0x00000000d8500000,0x00000000d8500000,0x00000000d8a00000)
 ParOldGen       total 86016K, used 18637K [0x0000000082000000, 0x0000000087400000, 0x00000000d6000000)
  object space 86016K, 21% used [0x0000000082000000,0x00000000832337c0,0x0000000087400000)
 Metaspace       used 16217K, capacity 16416K, committed 16512K, reserved 1062912K
  class space    used 2103K, capacity 2156K, committed 2176K, reserved 1048576K
}
Event: 15.626 GC heap before
{Heap before GC invocations=4 (full 0):
 PSYoungGen      total 37888K, used 37558K [0x00000000d6000000, 0x00000000d8a00000, 0x0000000100000000)
  eden space 32768K, 99% used [0x00000000d6000000,0x00000000d7fb57e0,0x00000000d8000000)
  from space 5120K, 99% used [0x00000000d8000000,0x00000000d84f8280,0x00000000d8500000)
  to   space 5120K, 0% used [0x00000000d8500000,0x00000000d8500000,0x00000000d8a00000)
 ParOldGen       total 86016K, used 18637K [0x0000000082000000, 0x0000000087400000, 0x00000000d6000000)
  object space 86016K, 21% used [0x0000000082000000,0x00000000832337c0,0x0000000087400000)
 Metaspace       used 16233K, capacity 16416K, committed 16512K, reserved 1062912K
  class space    used 2103K, capacity 2156K, committed 2176K, reserved 1048576K
Event: 15.629 GC heap after
Heap after GC invocations=4 (full 0):
 PSYoungGen      total 37888K, used 5104K [0x00000000d6000000, 0x00000000d8a00000, 0x0000000100000000)
  eden space 32768K, 0% used [0x00000000d6000000,0x00000000d6000000,0x00000000d8000000)
  from space 5120K, 99% used [0x00000000d8500000,0x00000000d89fc270,0x00000000d8a00000)
  to   space 5120K, 0% used [0x00000000d8000000,0x00000000d8000000,0x00000000d8500000)
 ParOldGen       total 86016K, used 19545K [0x0000000082000000, 0x0000000087400000, 0x00000000d6000000)
  object space 86016K, 22% used [0x0000000082000000,0x00000000833167d0,0x0000000087400000)
 Metaspace       used 16233K, capacity 16416K, committed 16512K, reserved 1062912K
  class space    used 2103K, capacity 2156K, committed 2176K, reserved 1048576K
}
Event: 16.794 GC heap before
{Heap before GC invocations=5 (full 0):
 PSYoungGen      total 37888K, used 37172K [0x00000000d6000000, 0x00000000d8a00000, 0x0000000100000000)
  eden space 32768K, 97% used [0x00000000d6000000,0x00000000d7f50e68,0x00000000d8000000)
  from space 5120K, 99% used [0x00000000d8500000,0x00000000d89fc270,0x00000000d8a00000)
  to   space 5120K, 0% used [0x00000000d8000000,0x00000000d8000000,0x00000000d8500000)
 ParOldGen       total 86016K, used 19545K [0x0000000082000000, 0x0000000087400000, 0x00000000d6000000)
  object space 86016K, 22% used [0x0000000082000000,0x00000000833167d0,0x0000000087400000)
 Metaspace       used 16243K, capacity 16416K, committed 16512K, reserved 1062912K
  class space    used 2103K, capacity 2156K, committed 2176K, reserved 1048576K
Event: 16.797 GC heap after
Heap after GC invocations=5 (full 0):
 PSYoungGen      total 37376K, used 5088K [0x00000000d6000000, 0x00000000da880000, 0x0000000100000000)
  eden space 32256K, 0% used [0x00000000d6000000,0x00000000d6000000,0x00000000d7f80000)
  from space 5120K, 99% used [0x00000000d8000000,0x00000000d84f8280,0x00000000d8500000)
  to   space 20992K, 0% used [0x00000000d9400000,0x00000000d9400000,0x00000000da880000)
 ParOldGen       total 86016K, used 20453K [0x0000000082000000, 0x0000000087400000, 0x00000000d6000000)
  object space 86016K, 23% used [0x0000000082000000,0x00000000833f97e0,0x0000000087400000)
 Metaspace       used 16243K, capacity 16416K, committed 16512K, reserved 1062912K
  class space    used 2103K, capacity 2156K, committed 2176K, reserved 1048576K
}
Event: 17.930 GC heap before
{Heap before GC invocations=6 (full 0):
 PSYoungGen      total 37376K, used 36556K [0x00000000d6000000, 0x00000000da880000, 0x0000000100000000)
  eden space 32256K, 97% used [0x00000000d6000000,0x00000000d7ebb028,0x00000000d7f80000)
  from space 5120K, 99% used [0x00000000d8000000,0x00000000d84f8280,0x00000000d8500000)
  to   space 20992K, 0% used [0x00000000d9400000,0x00000000d9400000,0x00000000da880000)
 ParOldGen       total 86016K, used 20453K [0x0000000082000000, 0x0000000087400000, 0x00000000d6000000)
  object space 86016K, 23% used [0x0000000082000000,0x00000000833f97e0,0x0000000087400000)
 Metaspace       used 16294K, capacity 16480K, committed 16768K, reserved 1064960K
  class space    used 2103K, capacity 2156K, committed 2176K, reserved 1048576K
Event: 17.940 GC heap after
Heap after GC invocations=6 (full 0):
 PSYoungGen      total 49152K, used 6052K [0x00000000d6000000, 0x00000000da500000, 0x0000000100000000)
  eden space 31744K, 0% used [0x00000000d6000000,0x00000000d6000000,0x00000000d7f00000)
  from space 17408K, 34% used [0x00000000d9400000,0x00000000d99e9290,0x00000000da500000)
  to   space 19456K, 0% used [0x00000000d7f00000,0x00000000d7f00000,0x00000000d9200000)
 ParOldGen       total 86016K, used 20461K [0x0000000082000000, 0x0000000087400000, 0x00000000d6000000)
  object space 86016K, 23% used [0x0000000082000000,0x00000000833fb7e0,0x0000000087400000)
 Metaspace       used 16294K, capacity 16480K, committed 16768K, reserved 1064960K
  class space    used 2103K, capacity 2156K, committed 2176K, reserved 1048576K
}
Event: 19.066 GC heap before
{Heap before GC invocations=7 (full 0):
 PSYoungGen      total 49152K, used 37635K [0x00000000d6000000, 0x00000000da500000, 0x0000000100000000)
  eden space 31744K, 99% used [0x00000000d6000000,0x00000000d7ed7c68,0x00000000d7f00000)
  from space 17408K, 34% used [0x00000000d9400000,0x00000000d99e9290,0x00000000da500000)
  to   space 19456K, 0% used [0x00000000d7f00000,0x00000000d7f00000,0x00000000d9200000)
 ParOldGen       total 86016K, used 20461K [0x0000000082000000, 0x0000000087400000, 0x00000000d6000000)
  object space 86016K, 23% used [0x0000000082000000,0x00000000833fb7e0,0x0000000087400000)
 Metaspace       used 16361K, capacity 16552K, committed 16768K, reserved 1064960K
  class space    used 2108K, capacity 2156K, committed 2176K, reserved 1048576K
Event: 19.102 GC heap after
Heap after GC invocations=7 (full 0):
 PSYoungGen      total 51200K, used 1028K [0x00000000d6000000, 0x00000000dc500000, 0x0000000100000000)
  eden space 31744K, 0% used [0x00000000d6000000,0x00000000d6000000,0x00000000d7f00000)
  from space 19456K, 5% used [0x00000000d7f00000,0x00000000d8001010,0x00000000d9200000)
  to   space 19968K, 0% used [0x00000000db180000,0x00000000db180000,0x00000000dc500000)
 ParOldGen       total 86016K, used 25527K [0x0000000082000000, 0x0000000087400000, 0x00000000d6000000)
  object space 86016K, 29% used [0x0000000082000000,0x00000000838edc20,0x0000000087400000)
 Metaspace       used 16361K, capacity 16552K, committed 16768K, reserved 1064960K
  class space    used 2108K, capacity 2156K, committed 2176K, reserved 1048576K
}

