# JRE version: Java(TM) SE Runtime Environment (8.0_151-b12) (build 1.8.0_151-b12)
# Java VM: Java HotSpot(TM) 64-Bit Server VM (25.151-b12 mixed mode windows-amd64 compressed oops)
Heap:
 PSYoungGen      total 48640K, used 7013K [0x00000000d6000000, 0x00000000da300000, 0x0000000100000000)
  eden space 31744K, 5% used [0x00000000d6000000,0x00000000d61c3568,0x00000000d7f00000)
  from space 16896K, 30% used [0x00000000d9280000,0x00000000d9796030,0x00000000da300000)
  to   space 18432K, 0% used [0x00000000d7f00000,0x00000000d7f00000,0x00000000d9100000)
 ParOldGen       total 86016K, used 20046K [0x0000000082000000, 0x0000000087400000, 0x00000000d6000000)
  object space 86016K, 23% used [0x0000000082000000,0x0000000083393a28,0x0000000087400000)
 Metaspace       used 16030K, capacity 16256K, committed 16512K, reserved 1062912K
  class space    used 2058K, capacity 2124K, committed 2176K, reserved 1048576K
GC Heap History (10 events):
Event: 14.092 GC heap before
{Heap before GC invocations=2 (full 0):
 PSYoungGen      total 37888K, used 37160K [0x00000000d6000000, 0x00000000d8a00000, 0x0000000100000000)
  eden space 32768K, 97% used [0x00000000d6000000,0x00000000d7f52010,0x00000000d8000000)
  from space 5120K, 99% used [0x00000000d8000000,0x00000000d84f8040,0x00000000d8500000)
  to   space 5120K, 0% used [0x00000000d8500000,0x00000000d8500000,0x00000000d8a00000)
 ParOldGen       total 86016K, used 14942K [0x0000000082000000, 0x0000000087400000, 0x00000000d6000000)
  object space 86016K, 17% used [0x0000000082000000,0x0000000082e979d8,0x0000000087400000)
 Metaspace       used 15834K, capacity 16000K, committed 16256K, reserved 1062912K
  class space    used 2052K, capacity 2124K, committed 2176K, reserved 1048576K
Event: 14.097 GC heap after
Heap after GC invocations=2 (full 0):
 PSYoungGen      total 37888K, used 4836K [0x00000000d6000000, 0x00000000d8a00000, 0x0000000100000000)
  eden space 32768K, 0% used [0x00000000d6000000,0x00000000d6000000,0x00000000d8000000)
  from space 5120K, 94% used [0x00000000d8500000,0x00000000d89b9030,0x00000000d8a00000)
  to   space 5120K, 0% used [0x00000000d8000000,0x00000000d8000000,0x00000000d8500000)
 ParOldGen       total 86016K, used 18550K [0x0000000082000000, 0x0000000087400000, 0x00000000d6000000)
  object space 86016K, 21% used [0x0000000082000000,0x000000008321da08,0x0000000087400000)
 Metaspace       used 15834K, capacity 16000K, committed 16256K, reserved 1062912K
  class space    used 2052K, capacity 2124K, committed 2176K, reserved 1048576K
}
Event: 15.229 GC heap before
{Heap before GC invocations=3 (full 0):
 PSYoungGen      total 37888K, used 36832K [0x00000000d6000000, 0x00000000d8a00000, 0x0000000100000000)
  eden space 32768K, 97% used [0x00000000d6000000,0x00000000d7f3f0c8,0x00000000d8000000)
  from space 5120K, 94% used [0x00000000d8500000,0x00000000d89b9030,0x00000000d8a00000)
  to   space 5120K, 0% used [0x00000000d8000000,0x00000000d8000000,0x00000000d8500000)
 ParOldGen       total 86016K, used 18550K [0x0000000082000000, 0x0000000087400000, 0x00000000d6000000)
  object space 86016K, 21% used [0x0000000082000000,0x000000008321da08,0x0000000087400000)
 Metaspace       used 15874K, capacity 16064K, committed 16256K, reserved 1062912K
  class space    used 2052K, capacity 2124K, committed 2176K, reserved 1048576K
Event: 15.233 GC heap after
Heap after GC invocations=3 (full 0):
 PSYoungGen      total 37888K, used 4852K [0x00000000d6000000, 0x00000000d8a00000, 0x0000000100000000)
  eden space 32768K, 0% used [0x00000000d6000000,0x00000000d6000000,0x00000000d8000000)
  from space 5120K, 94% used [0x00000000d8000000,0x00000000d84bd020,0x00000000d8500000)
  to   space 5120K, 0% used [0x00000000d8500000,0x00000000d8500000,0x00000000d8a00000)
 ParOldGen       total 86016K, used 18558K [0x0000000082000000, 0x0000000087400000, 0x00000000d6000000)
  object space 86016K, 21% used [0x0000000082000000,0x000000008321fa08,0x0000000087400000)
 Metaspace       used 15874K, capacity 16064K, committed 16256K, reserved 1062912K
  class space    used 2052K, capacity 2124K, committed 2176K, reserved 1048576K
}
Event: 16.396 GC heap before
{Heap before GC invocations=4 (full 0):
 PSYoungGen      total 37888K, used 37479K [0x00000000d6000000, 0x00000000d8a00000, 0x0000000100000000)
  eden space 32768K, 99% used [0x00000000d6000000,0x00000000d7fdce80,0x00000000d8000000)
  from space 5120K, 94% used [0x00000000d8000000,0x00000000d84bd020,0x00000000d8500000)
  to   space 5120K, 0% used [0x00000000d8500000,0x00000000d8500000,0x00000000d8a00000)
 ParOldGen       total 86016K, used 18558K [0x0000000082000000, 0x0000000087400000, 0x00000000d6000000)
  object space 86016K, 21% used [0x0000000082000000,0x000000008321fa08,0x0000000087400000)
 Metaspace       used 15893K, capacity 16064K, committed 16256K, reserved 1062912K
  class space    used 2052K, capacity 2124K, committed 2176K, reserved 1048576K
Event: 16.399 GC heap after
Heap after GC invocations=4 (full 0):
 PSYoungGen      total 37888K, used 4804K [0x00000000d6000000, 0x00000000d8a00000, 0x0000000100000000)
  eden space 32768K, 0% used [0x00000000d6000000,0x00000000d6000000,0x00000000d8000000)
  from space 5120K, 93% used [0x00000000d8500000,0x00000000d89b1030,0x00000000d8a00000)
  to   space 5120K, 0% used [0x00000000d8000000,0x00000000d8000000,0x00000000d8500000)
 ParOldGen       total 86016K, used 18566K [0x0000000082000000, 0x0000000087400000, 0x00000000d6000000)
  object space 86016K, 21% used [0x0000000082000000,0x0000000083221a08,0x0000000087400000)
 Metaspace       used 15893K, capacity 16064K, committed 16256K, reserved 1062912K
  class space    used 2052K, capacity 2124K, committed 2176K, reserved 1048576K
}
Event: 17.564 GC heap before
{Heap before GC invocations=5 (full 0):
 PSYoungGen      total 37888K, used 37259K [0x00000000d6000000, 0x00000000d8a00000, 0x0000000100000000)
  eden space 32768K, 99% used [0x00000000d6000000,0x00000000d7fb1d90,0x00000000d8000000)
  from space 5120K, 93% used [0x00000000d8500000,0x00000000d89b1030,0x00000000d8a00000)
  to   space 5120K, 0% used [0x00000000d8000000,0x00000000d8000000,0x00000000d8500000)
 ParOldGen       total 86016K, used 18566K [0x0000000082000000, 0x0000000087400000, 0x00000000d6000000)
  object space 86016K, 21% used [0x0000000082000000,0x0000000083221a08,0x0000000087400000)
 Metaspace       used 15972K, capacity 16192K, committed 16512K, reserved 1062912K
  class space    used 2052K, capacity 2124K, committed 2176K, reserved 1048576K
Event: 17.568 GC heap after
Heap after GC invocations=5 (full 0):
 PSYoungGen      total 37376K, used 5096K [0x00000000d6000000, 0x00000000da580000, 0x0000000100000000)
  eden space 32256K, 0% used [0x00000000d6000000,0x00000000d6000000,0x00000000d7f80000)
  from space 5120K, 99% used [0x00000000d8000000,0x00000000d84fa040,0x00000000d8500000)
  to   space 19456K, 0% used [0x00000000d9280000,0x00000000d9280000,0x00000000da580000)
 ParOldGen       total 86016K, used 20038K [0x0000000082000000, 0x0000000087400000, 0x00000000d6000000)
  object space 86016K, 23% used [0x0000000082000000,0x0000000083391a28,0x0000000087400000)
 Metaspace       used 15972K, capacity 16192K, committed 16512K, reserved 1062912K
  class space    used 2052K, capacity 2124K, committed 2176K, reserved 1048576K
}
Event: 18.700 GC heap before
{Heap before GC invocations=6 (full 0):
 PSYoungGen      total 37376K, used 36732K [0x00000000d6000000, 0x00000000da580000, 0x0000000100000000)
  eden space 32256K, 98% used [0x00000000d6000000,0x00000000d7ee5238,0x00000000d7f80000)
  from space 5120K, 99% used [0x00000000d8000000,0x00000000d84fa040,0x00000000d8500000)
  to   space 19456K, 0% used [0x00000000d9280000,0x00000000d9280000,0x00000000da580000)
 ParOldGen       total 86016K, used 20038K [0x0000000082000000, 0x0000000087400000, 0x00000000d6000000)
  object space 86016K, 23% used [0x0000000082000000,0x0000000083391a28,0x0000000087400000)
 Metaspace       used 16030K, capacity 16256K, committed 16512K, reserved 1062912K
  class space    used 2058K, capacity 2124K, committed 2176K, reserved 1048576K
Event: 18.704 GC heap after
Heap after GC invocations=6 (full 0):
 PSYoungGen      total 48640K, used 5208K [0x00000000d6000000, 0x00000000da300000, 0x0000000100000000)
  eden space 31744K, 0% used [0x00000000d6000000,0x00000000d6000000,0x00000000d7f00000)
  from space 16896K, 30% used [0x00000000d9280000,0x00000000d9796030,0x00000000da300000)
  to   space 18432K, 0% used [0x00000000d7f00000,0x00000000d7f00000,0x00000000d9100000)
 ParOldGen       total 86016K, used 20046K [0x0000000082000000, 0x0000000087400000, 0x00000000d6000000)
  object space 86016K, 23% used [0x0000000082000000,0x0000000083393a28,0x0000000087400000)
 Metaspace       used 16030K, capacity 16256K, committed 16512K, reserved 1062912K
  class space    used 2058K, capacity 2124K, committed 2176K, reserved 1048576K
}

