# JRE version: Java(TM) SE Runtime Environment (8.0_151-b12) (build 1.8.0_151-b12)
# Java VM: Java HotSpot(TM) 64-Bit Server VM (25.151-b12 mixed mode windows-amd64 compressed oops)
Heap:
 PSYoungGen      total 37376K, used 6869K [0x00000000d6000000, 0x00000000d9980000, 0x0000000100000000)
  eden space 32256K, 5% used [0x00000000d6000000,0x00000000d61bc3e8,0x00000000d7f80000)
  from space 5120K, 99% used [0x00000000d8000000,0x00000000d84f9270,0x00000000d8500000)
  to   space 13312K, 0% used [0x00000000d8c80000,0x00000000d8c80000,0x00000000d9980000)
 ParOldGen       total 86016K, used 11061K [0x0000000082000000, 0x0000000087400000, 0x00000000d6000000)
  object space 86016K, 12% used [0x0000000082000000,0x0000000082acd5c0,0x0000000087400000)
 Metaspace       used 16595K, capacity 16832K, committed 17152K, reserved 1064960K
  class space    used 2095K, capacity 2188K, committed 2304K, reserved 1048576K
GC Heap History (10 events):
Event: 39.185 GC heap before
{Heap before GC invocations=1 (full 0):
 PSYoungGen      total 37888K, used 31947K [0x00000000d6000000, 0x00000000d8a00000, 0x0000000100000000)
  eden space 32768K, 97% used [0x00000000d6000000,0x00000000d7f32e48,0x00000000d8000000)
  from space 5120K, 0% used [0x00000000d8500000,0x00000000d8500000,0x00000000d8a00000)
  to   space 5120K, 0% used [0x00000000d8000000,0x00000000d8000000,0x00000000d8500000)
 ParOldGen       total 86016K, used 0K [0x0000000082000000, 0x0000000087400000, 0x00000000d6000000)
  object space 86016K, 0% used [0x0000000082000000,0x0000000082000000,0x0000000087400000)
 Metaspace       used 16092K, capacity 16248K, committed 16512K, reserved 1062912K
  class space    used 2058K, capacity 2124K, committed 2176K, reserved 1048576K
Event: 39.193 GC heap after
Heap after GC invocations=1 (full 0):
 PSYoungGen      total 37888K, used 5093K [0x00000000d6000000, 0x00000000d8a00000, 0x0000000100000000)
  eden space 32768K, 0% used [0x00000000d6000000,0x00000000d6000000,0x00000000d8000000)
  from space 5120K, 99% used [0x00000000d8000000,0x00000000d84f9430,0x00000000d8500000)
  to   space 5120K, 0% used [0x00000000d8500000,0x00000000d8500000,0x00000000d8a00000)
 ParOldGen       total 86016K, used 6765K [0x0000000082000000, 0x0000000087400000, 0x00000000d6000000)
  object space 86016K, 7% used [0x0000000082000000,0x000000008269b740,0x0000000087400000)
 Metaspace       used 16092K, capacity 16248K, committed 16512K, reserved 1062912K
  class space    used 2058K, capacity 2124K, committed 2176K, reserved 1048576K
}
Event: 40.271 GC heap before
{Heap before GC invocations=2 (full 0):
 PSYoungGen      total 37888K, used 37502K [0x00000000d6000000, 0x00000000d8a00000, 0x0000000100000000)
  eden space 32768K, 98% used [0x00000000d6000000,0x00000000d7fa64e8,0x00000000d8000000)
  from space 5120K, 99% used [0x00000000d8000000,0x00000000d84f9430,0x00000000d8500000)
  to   space 5120K, 0% used [0x00000000d8500000,0x00000000d8500000,0x00000000d8a00000)
 ParOldGen       total 86016K, used 6765K [0x0000000082000000, 0x0000000087400000, 0x00000000d6000000)
  object space 86016K, 7% used [0x0000000082000000,0x000000008269b740,0x0000000087400000)
 Metaspace       used 16113K, capacity 16312K, committed 16512K, reserved 1062912K
  class space    used 2059K, capacity 2124K, committed 2176K, reserved 1048576K
Event: 40.287 GC heap after
Heap after GC invocations=2 (full 0):
 PSYoungGen      total 37888K, used 5092K [0x00000000d6000000, 0x00000000d8a00000, 0x0000000100000000)
  eden space 32768K, 0% used [0x00000000d6000000,0x00000000d6000000,0x00000000d8000000)
  from space 5120K, 99% used [0x00000000d8500000,0x00000000d89f9270,0x00000000d8a00000)
  to   space 5120K, 0% used [0x00000000d8000000,0x00000000d8000000,0x00000000d8500000)
 ParOldGen       total 86016K, used 6821K [0x0000000082000000, 0x0000000087400000, 0x00000000d6000000)
  object space 86016K, 7% used [0x0000000082000000,0x00000000826a9740,0x0000000087400000)
 Metaspace       used 16113K, capacity 16312K, committed 16512K, reserved 1062912K
  class space    used 2059K, capacity 2124K, committed 2176K, reserved 1048576K
}
Event: 41.438 GC heap before
{Heap before GC invocations=3 (full 0):
 PSYoungGen      total 37888K, used 37738K [0x00000000d6000000, 0x00000000d8a00000, 0x0000000100000000)
  eden space 32768K, 99% used [0x00000000d6000000,0x00000000d7fe18c8,0x00000000d8000000)
  from space 5120K, 99% used [0x00000000d8500000,0x00000000d89f9270,0x00000000d8a00000)
  to   space 5120K, 0% used [0x00000000d8000000,0x00000000d8000000,0x00000000d8500000)
 ParOldGen       total 86016K, used 6821K [0x0000000082000000, 0x0000000087400000, 0x00000000d6000000)
  object space 86016K, 7% used [0x0000000082000000,0x00000000826a9740,0x0000000087400000)
 Metaspace       used 16129K, capacity 16312K, committed 16512K, reserved 1062912K
  class space    used 2059K, capacity 2124K, committed 2176K, reserved 1048576K
Event: 41.448 GC heap after
Heap after GC invocations=3 (full 0):
 PSYoungGen      total 37888K, used 5108K [0x00000000d6000000, 0x00000000d8a00000, 0x0000000100000000)
  eden space 32768K, 0% used [0x00000000d6000000,0x00000000d6000000,0x00000000d8000000)
  from space 5120K, 99% used [0x00000000d8000000,0x00000000d84fd280,0x00000000d8500000)
  to   space 5120K, 0% used [0x00000000d8500000,0x00000000d8500000,0x00000000d8a00000)
 ParOldGen       total 86016K, used 6845K [0x0000000082000000, 0x0000000087400000, 0x00000000d6000000)
  object space 86016K, 7% used [0x0000000082000000,0x00000000826af740,0x0000000087400000)
 Metaspace       used 16129K, capacity 16312K, committed 16512K, reserved 1062912K
  class space    used 2059K, capacity 2124K, committed 2176K, reserved 1048576K
}
Event: 42.605 GC heap before
{Heap before GC invocations=4 (full 0):
 PSYoungGen      total 37888K, used 37269K [0x00000000d6000000, 0x00000000d8a00000, 0x0000000100000000)
  eden space 32768K, 98% used [0x00000000d6000000,0x00000000d7f684c8,0x00000000d8000000)
  from space 5120K, 99% used [0x00000000d8000000,0x00000000d84fd280,0x00000000d8500000)
  to   space 5120K, 0% used [0x00000000d8500000,0x00000000d8500000,0x00000000d8a00000)
 ParOldGen       total 86016K, used 6845K [0x0000000082000000, 0x0000000087400000, 0x00000000d6000000)
  object space 86016K, 7% used [0x0000000082000000,0x00000000826af740,0x0000000087400000)
 Metaspace       used 16139K, capacity 16312K, committed 16512K, reserved 1062912K
  class space    used 2059K, capacity 2124K, committed 2176K, reserved 1048576K
Event: 42.614 GC heap after
Heap after GC invocations=4 (full 0):
 PSYoungGen      total 37888K, used 5108K [0x00000000d6000000, 0x00000000d8a00000, 0x0000000100000000)
  eden space 32768K, 0% used [0x00000000d6000000,0x00000000d6000000,0x00000000d8000000)
  from space 5120K, 99% used [0x00000000d8500000,0x00000000d89fd280,0x00000000d8a00000)
  to   space 5120K, 0% used [0x00000000d8000000,0x00000000d8000000,0x00000000d8500000)
 ParOldGen       total 86016K, used 6869K [0x0000000082000000, 0x0000000087400000, 0x00000000d6000000)
  object space 86016K, 7% used [0x0000000082000000,0x00000000826b5740,0x0000000087400000)
 Metaspace       used 16139K, capacity 16312K, committed 16512K, reserved 1062912K
  class space    used 2059K, capacity 2124K, committed 2176K, reserved 1048576K
}
Event: 143.507 GC heap before
{Heap before GC invocations=5 (full 0):
 PSYoungGen      total 37888K, used 37045K [0x00000000d6000000, 0x00000000d8a00000, 0x0000000100000000)
  eden space 32768K, 97% used [0x00000000d6000000,0x00000000d7f301b8,0x00000000d8000000)
  from space 5120K, 99% used [0x00000000d8500000,0x00000000d89fd280,0x00000000d8a00000)
  to   space 5120K, 0% used [0x00000000d8000000,0x00000000d8000000,0x00000000d8500000)
 ParOldGen       total 86016K, used 6869K [0x0000000082000000, 0x0000000087400000, 0x00000000d6000000)
  object space 86016K, 7% used [0x0000000082000000,0x00000000826b5740,0x0000000087400000)
 Metaspace       used 16593K, capacity 16832K, committed 17152K, reserved 1064960K
  class space    used 2095K, capacity 2188K, committed 2304K, reserved 1048576K
Event: 143.512 GC heap after
Heap after GC invocations=5 (full 0):
 PSYoungGen      total 37376K, used 5092K [0x00000000d6000000, 0x00000000d9980000, 0x0000000100000000)
  eden space 32256K, 0% used [0x00000000d6000000,0x00000000d6000000,0x00000000d7f80000)
  from space 5120K, 99% used [0x00000000d8000000,0x00000000d84f9270,0x00000000d8500000)
  to   space 13312K, 0% used [0x00000000d8c80000,0x00000000d8c80000,0x00000000d9980000)
 ParOldGen       total 86016K, used 11061K [0x0000000082000000, 0x0000000087400000, 0x00000000d6000000)
  object space 86016K, 12% used [0x0000000082000000,0x0000000082acd5c0,0x0000000087400000)
 Metaspace       used 16593K, capacity 16832K, committed 17152K, reserved 1064960K
  class space    used 2095K, capacity 2188K, committed 2304K, reserved 1048576K
}

