# JRE version: Java(TM) SE Runtime Environment (8.0_151-b12) (build 1.8.0_151-b12)
# Java VM: Java HotSpot(TM) 64-Bit Server VM (25.151-b12 mixed mode windows-amd64 compressed oops)
Heap:
 PSYoungGen      total 98304K, used 6173K [0x00000000d6000000, 0x00000000dd100000, 0x0000000100000000)
  eden space 81920K, 4% used [0x00000000d6000000,0x00000000d633c4c8,0x00000000db000000)
  from space 16384K, 17% used [0x00000000dc100000,0x00000000dc3cb030,0x00000000dd100000)
  to   space 16896K, 0% used [0x00000000db000000,0x00000000db000000,0x00000000dc080000)
 ParOldGen       total 86016K, used 28510K [0x0000000082000000, 0x0000000087400000, 0x00000000d6000000)
  object space 86016K, 33% used [0x0000000082000000,0x0000000083bd7a60,0x0000000087400000)
 Metaspace       used 16889K, capacity 17102K, committed 17408K, reserved 1064960K
  class space    used 2161K, capacity 2253K, committed 2304K, reserved 1048576K
GC Heap History (10 events):
Event: 98.275 GC heap before
{Heap before GC invocations=8 (full 0):
 PSYoungGen      total 50176K, used 32292K [0x00000000d6000000, 0x00000000da480000, 0x0000000100000000)
  eden space 31232K, 100% used [0x00000000d6000000,0x00000000d7e80000,0x00000000d7e80000)
  from space 18944K, 5% used [0x00000000d7f00000,0x00000000d8009010,0x00000000d9180000)
  to   space 19456K, 0% used [0x00000000d9180000,0x00000000d9180000,0x00000000da480000)
 ParOldGen       total 86016K, used 28406K [0x0000000082000000, 0x0000000087400000, 0x00000000d6000000)
  object space 86016K, 33% used [0x0000000082000000,0x0000000083bbda60,0x0000000087400000)
 Metaspace       used 16767K, capacity 16974K, committed 17152K, reserved 1064960K
  class space    used 2156K, capacity 2253K, committed 2304K, reserved 1048576K
Event: 98.293 GC heap after
Heap after GC invocations=8 (full 0):
 PSYoungGen      total 51200K, used 2828K [0x00000000d6000000, 0x00000000dc200000, 0x0000000100000000)
  eden space 31744K, 0% used [0x00000000d6000000,0x00000000d6000000,0x00000000d7f00000)
  from space 19456K, 14% used [0x00000000d9180000,0x00000000d9443030,0x00000000da480000)
  to   space 18944K, 0% used [0x00000000d7f00000,0x00000000d7f00000,0x00000000d9180000)
 ParOldGen       total 86016K, used 28430K [0x0000000082000000, 0x0000000087400000, 0x00000000d6000000)
  object space 86016K, 33% used [0x0000000082000000,0x0000000083bc3a60,0x0000000087400000)
 Metaspace       used 16767K, capacity 16974K, committed 17152K, reserved 1064960K
  class space    used 2156K, capacity 2253K, committed 2304K, reserved 1048576K
}
Event: 99.406 GC heap before
{Heap before GC invocations=9 (full 0):
 PSYoungGen      total 51200K, used 34145K [0x00000000d6000000, 0x00000000dc200000, 0x0000000100000000)
  eden space 31744K, 98% used [0x00000000d6000000,0x00000000d7e95510,0x00000000d7f00000)
  from space 19456K, 14% used [0x00000000d9180000,0x00000000d9443030,0x00000000da480000)
  to   space 18944K, 0% used [0x00000000d7f00000,0x00000000d7f00000,0x00000000d9180000)
 ParOldGen       total 86016K, used 28430K [0x0000000082000000, 0x0000000087400000, 0x00000000d6000000)
  object space 86016K, 33% used [0x0000000082000000,0x0000000083bc3a60,0x0000000087400000)
 Metaspace       used 16797K, capacity 17038K, committed 17408K, reserved 1064960K
  class space    used 2156K, capacity 2253K, committed 2304K, reserved 1048576K
Event: 99.427 GC heap after
Heap after GC invocations=9 (full 0):
 PSYoungGen      total 50688K, used 2860K [0x00000000d6000000, 0x00000000db600000, 0x0000000100000000)
  eden space 31744K, 0% used [0x00000000d6000000,0x00000000d6000000,0x00000000d7f00000)
  from space 18944K, 15% used [0x00000000d7f00000,0x00000000d81cb030,0x00000000d9180000)
  to   space 18432K, 0% used [0x00000000da400000,0x00000000da400000,0x00000000db600000)
 ParOldGen       total 86016K, used 28446K [0x0000000082000000, 0x0000000087400000, 0x00000000d6000000)
  object space 86016K, 33% used [0x0000000082000000,0x0000000083bc7a60,0x0000000087400000)
 Metaspace       used 16797K, capacity 17038K, committed 17408K, reserved 1064960K
  class space    used 2156K, capacity 2253K, committed 2304K, reserved 1048576K
}
Event: 100.542 GC heap before
{Heap before GC invocations=10 (full 0):
 PSYoungGen      total 50688K, used 34120K [0x00000000d6000000, 0x00000000db600000, 0x0000000100000000)
  eden space 31744K, 98% used [0x00000000d6000000,0x00000000d7e87030,0x00000000d7f00000)
  from space 18944K, 15% used [0x00000000d7f00000,0x00000000d81cb030,0x00000000d9180000)
  to   space 18432K, 0% used [0x00000000da400000,0x00000000da400000,0x00000000db600000)
 ParOldGen       total 86016K, used 28446K [0x0000000082000000, 0x0000000087400000, 0x00000000d6000000)
  object space 86016K, 33% used [0x0000000082000000,0x0000000083bc7a60,0x0000000087400000)
 Metaspace       used 16797K, capacity 17038K, committed 17408K, reserved 1064960K
  class space    used 2156K, capacity 2253K, committed 2304K, reserved 1048576K
Event: 100.571 GC heap after
Heap after GC invocations=10 (full 0):
 PSYoungGen      total 68608K, used 2828K [0x00000000d6000000, 0x00000000db500000, 0x0000000100000000)
  eden space 51200K, 0% used [0x00000000d6000000,0x00000000d6000000,0x00000000d9200000)
  from space 17408K, 16% used [0x00000000da400000,0x00000000da6c3030,0x00000000db500000)
  to   space 17920K, 0% used [0x00000000d9200000,0x00000000d9200000,0x00000000da380000)
 ParOldGen       total 86016K, used 28462K [0x0000000082000000, 0x0000000087400000, 0x00000000d6000000)
  object space 86016K, 33% used [0x0000000082000000,0x0000000083bcba60,0x0000000087400000)
 Metaspace       used 16797K, capacity 17038K, committed 17408K, reserved 1064960K
  class space    used 2156K, capacity 2253K, committed 2304K, reserved 1048576K
}
Event: 102.414 GC heap before
{Heap before GC invocations=11 (full 0):
 PSYoungGen      total 68608K, used 53495K [0x00000000d6000000, 0x00000000db500000, 0x0000000100000000)
  eden space 51200K, 98% used [0x00000000d6000000,0x00000000d917ad98,0x00000000d9200000)
  from space 17408K, 16% used [0x00000000da400000,0x00000000da6c3030,0x00000000db500000)
  to   space 17920K, 0% used [0x00000000d9200000,0x00000000d9200000,0x00000000da380000)
 ParOldGen       total 86016K, used 28462K [0x0000000082000000, 0x0000000087400000, 0x00000000d6000000)
  object space 86016K, 33% used [0x0000000082000000,0x0000000083bcba60,0x0000000087400000)
 Metaspace       used 16812K, capacity 17102K, committed 17408K, reserved 1064960K
  class space    used 2156K, capacity 2253K, committed 2304K, reserved 1048576K
Event: 102.428 GC heap after
Heap after GC invocations=11 (full 0):
 PSYoungGen      total 69120K, used 2860K [0x00000000d6000000, 0x00000000dd200000, 0x0000000100000000)
  eden space 51200K, 0% used [0x00000000d6000000,0x00000000d6000000,0x00000000d9200000)
  from space 17920K, 15% used [0x00000000d9200000,0x00000000d94cb030,0x00000000da380000)
  to   space 17408K, 0% used [0x00000000dc100000,0x00000000dc100000,0x00000000dd200000)
 ParOldGen       total 86016K, used 28486K [0x0000000082000000, 0x0000000087400000, 0x00000000d6000000)
  object space 86016K, 33% used [0x0000000082000000,0x0000000083bd1a60,0x0000000087400000)
 Metaspace       used 16812K, capacity 17102K, committed 17408K, reserved 1064960K
  class space    used 2156K, capacity 2253K, committed 2304K, reserved 1048576K
}
Event: 104.270 GC heap before
{Heap before GC invocations=12 (full 0):
 PSYoungGen      total 69120K, used 53728K [0x00000000d6000000, 0x00000000dd200000, 0x0000000100000000)
  eden space 51200K, 99% used [0x00000000d6000000,0x00000000d91ad1b0,0x00000000d9200000)
  from space 17920K, 15% used [0x00000000d9200000,0x00000000d94cb030,0x00000000da380000)
  to   space 17408K, 0% used [0x00000000dc100000,0x00000000dc100000,0x00000000dd200000)
 ParOldGen       total 86016K, used 28486K [0x0000000082000000, 0x0000000087400000, 0x00000000d6000000)
  object space 86016K, 33% used [0x0000000082000000,0x0000000083bd1a60,0x0000000087400000)
 Metaspace       used 16888K, capacity 17102K, committed 17408K, reserved 1064960K
  class space    used 2161K, capacity 2253K, committed 2304K, reserved 1048576K
Event: 104.279 GC heap after
Heap after GC invocations=12 (full 0):
 PSYoungGen      total 98304K, used 2860K [0x00000000d6000000, 0x00000000dd100000, 0x0000000100000000)
  eden space 81920K, 0% used [0x00000000d6000000,0x00000000d6000000,0x00000000db000000)
  from space 16384K, 17% used [0x00000000dc100000,0x00000000dc3cb030,0x00000000dd100000)
  to   space 16896K, 0% used [0x00000000db000000,0x00000000db000000,0x00000000dc080000)
 ParOldGen       total 86016K, used 28510K [0x0000000082000000, 0x0000000087400000, 0x00000000d6000000)
  object space 86016K, 33% used [0x0000000082000000,0x0000000083bd7a60,0x0000000087400000)
 Metaspace       used 16888K, capacity 17102K, committed 17408K, reserved 1064960K
  class space    used 2161K, capacity 2253K, committed 2304K, reserved 1048576K
}

