# JRE version: Java(TM) SE Runtime Environment (8.0_151-b12) (build 1.8.0_151-b12)
# Java VM: Java HotSpot(TM) 64-Bit Server VM (25.151-b12 mixed mode windows-amd64 compressed oops)
Heap:
 PSYoungGen      total 45056K, used 7872K [0x00000000d6000000, 0x00000000d9b00000, 0x0000000100000000)
  eden space 31744K, 5% used [0x00000000d6000000,0x00000000d61c3268,0x00000000d7f00000)
  from space 13312K, 45% used [0x00000000d8e00000,0x00000000d93ed040,0x00000000d9b00000)
  to   space 14336K, 0% used [0x00000000d7f00000,0x00000000d7f00000,0x00000000d8d00000)
 ParOldGen       total 86016K, used 18699K [0x0000000082000000, 0x0000000087400000, 0x00000000d6000000)
  object space 86016K, 21% used [0x0000000082000000,0x0000000083242f08,0x0000000087400000)
 Metaspace       used 16035K, capacity 16256K, committed 16512K, reserved 1062912K
  class space    used 2057K, capacity 2124K, committed 2176K, reserved 1048576K
GC Heap History (10 events):
Event: 12.034 GC heap before
{Heap before GC invocations=2 (full 0):
 PSYoungGen      total 37888K, used 37665K [0x00000000d6000000, 0x00000000d8a00000, 0x0000000100000000)
  eden space 32768K, 99% used [0x00000000d6000000,0x00000000d7fcc440,0x00000000d8000000)
  from space 5120K, 99% used [0x00000000d8000000,0x00000000d84fc270,0x00000000d8500000)
  to   space 5120K, 0% used [0x00000000d8500000,0x00000000d8500000,0x00000000d8a00000)
 ParOldGen       total 86016K, used 9153K [0x0000000082000000, 0x0000000087400000, 0x00000000d6000000)
  object space 86016K, 10% used [0x0000000082000000,0x00000000828f0798,0x0000000087400000)
 Metaspace       used 15828K, capacity 16000K, committed 16256K, reserved 1062912K
  class space    used 2052K, capacity 2124K, committed 2176K, reserved 1048576K
Event: 12.047 GC heap after
Heap after GC invocations=2 (full 0):
 PSYoungGen      total 37888K, used 5104K [0x00000000d6000000, 0x00000000d8a00000, 0x0000000100000000)
  eden space 32768K, 0% used [0x00000000d6000000,0x00000000d6000000,0x00000000d8000000)
  from space 5120K, 99% used [0x00000000d8500000,0x00000000d89fc050,0x00000000d8a00000)
  to   space 5120K, 0% used [0x00000000d8000000,0x00000000d8000000,0x00000000d8500000)
 ParOldGen       total 86016K, used 13227K [0x0000000082000000, 0x0000000087400000, 0x00000000d6000000)
  object space 86016K, 15% used [0x0000000082000000,0x0000000082ceaea8,0x0000000087400000)
 Metaspace       used 15828K, capacity 16000K, committed 16256K, reserved 1062912K
  class space    used 2052K, capacity 2124K, committed 2176K, reserved 1048576K
}
Event: 13.170 GC heap before
{Heap before GC invocations=3 (full 0):
 PSYoungGen      total 37888K, used 37173K [0x00000000d6000000, 0x00000000d8a00000, 0x0000000100000000)
  eden space 32768K, 97% used [0x00000000d6000000,0x00000000d7f515d0,0x00000000d8000000)
  from space 5120K, 99% used [0x00000000d8500000,0x00000000d89fc050,0x00000000d8a00000)
  to   space 5120K, 0% used [0x00000000d8000000,0x00000000d8000000,0x00000000d8500000)
 ParOldGen       total 86016K, used 13227K [0x0000000082000000, 0x0000000087400000, 0x00000000d6000000)
  object space 86016K, 15% used [0x0000000082000000,0x0000000082ceaea8,0x0000000087400000)
 Metaspace       used 15844K, capacity 16064K, committed 16256K, reserved 1062912K
  class space    used 2052K, capacity 2124K, committed 2176K, reserved 1048576K
Event: 13.185 GC heap after
Heap after GC invocations=3 (full 0):
 PSYoungGen      total 37888K, used 4836K [0x00000000d6000000, 0x00000000d8a00000, 0x0000000100000000)
  eden space 32768K, 0% used [0x00000000d6000000,0x00000000d6000000,0x00000000d8000000)
  from space 5120K, 94% used [0x00000000d8000000,0x00000000d84b9050,0x00000000d8500000)
  to   space 5120K, 0% used [0x00000000d8500000,0x00000000d8500000,0x00000000d8a00000)
 ParOldGen       total 86016K, used 13235K [0x0000000082000000, 0x0000000087400000, 0x00000000d6000000)
  object space 86016K, 15% used [0x0000000082000000,0x0000000082cecea8,0x0000000087400000)
 Metaspace       used 15844K, capacity 16064K, committed 16256K, reserved 1062912K
  class space    used 2052K, capacity 2124K, committed 2176K, reserved 1048576K
}
Event: 14.306 GC heap before
{Heap before GC invocations=4 (full 0):
 PSYoungGen      total 37888K, used 36891K [0x00000000d6000000, 0x00000000d8a00000, 0x0000000100000000)
  eden space 32768K, 97% used [0x00000000d6000000,0x00000000d7f4dd20,0x00000000d8000000)
  from space 5120K, 94% used [0x00000000d8000000,0x00000000d84b9050,0x00000000d8500000)
  to   space 5120K, 0% used [0x00000000d8500000,0x00000000d8500000,0x00000000d8a00000)
 ParOldGen       total 86016K, used 13235K [0x0000000082000000, 0x0000000087400000, 0x00000000d6000000)
  object space 86016K, 15% used [0x0000000082000000,0x0000000082cecea8,0x0000000087400000)
 Metaspace       used 15875K, capacity 16064K, committed 16256K, reserved 1062912K
  class space    used 2052K, capacity 2124K, committed 2176K, reserved 1048576K
Event: 14.314 GC heap after
Heap after GC invocations=4 (full 0):
 PSYoungGen      total 37888K, used 5104K [0x00000000d6000000, 0x00000000d8a00000, 0x0000000100000000)
  eden space 32768K, 0% used [0x00000000d6000000,0x00000000d6000000,0x00000000d8000000)
  from space 5120K, 99% used [0x00000000d8500000,0x00000000d89fc050,0x00000000d8a00000)
  to   space 5120K, 0% used [0x00000000d8000000,0x00000000d8000000,0x00000000d8500000)
 ParOldGen       total 86016K, used 15967K [0x0000000082000000, 0x0000000087400000, 0x00000000d6000000)
  object space 86016K, 18% used [0x0000000082000000,0x0000000082f97ed8,0x0000000087400000)
 Metaspace       used 15875K, capacity 16064K, committed 16256K, reserved 1062912K
  class space    used 2052K, capacity 2124K, committed 2176K, reserved 1048576K
}
Event: 15.474 GC heap before
{Heap before GC invocations=5 (full 0):
 PSYoungGen      total 37888K, used 37631K [0x00000000d6000000, 0x00000000d8a00000, 0x0000000100000000)
  eden space 32768K, 99% used [0x00000000d6000000,0x00000000d7fc3cb0,0x00000000d8000000)
  from space 5120K, 99% used [0x00000000d8500000,0x00000000d89fc050,0x00000000d8a00000)
  to   space 5120K, 0% used [0x00000000d8000000,0x00000000d8000000,0x00000000d8500000)
 ParOldGen       total 86016K, used 15967K [0x0000000082000000, 0x0000000087400000, 0x00000000d6000000)
  object space 86016K, 18% used [0x0000000082000000,0x0000000082f97ed8,0x0000000087400000)
 Metaspace       used 15908K, capacity 16128K, committed 16256K, reserved 1062912K
  class space    used 2052K, capacity 2124K, committed 2176K, reserved 1048576K
Event: 15.481 GC heap after
Heap after GC invocations=5 (full 0):
 PSYoungGen      total 37376K, used 5104K [0x00000000d6000000, 0x00000000d9c80000, 0x0000000100000000)
  eden space 32256K, 0% used [0x00000000d6000000,0x00000000d6000000,0x00000000d7f80000)
  from space 5120K, 99% used [0x00000000d8000000,0x00000000d84fc030,0x00000000d8500000)
  to   space 14848K, 0% used [0x00000000d8e00000,0x00000000d8e00000,0x00000000d9c80000)
 ParOldGen       total 86016K, used 18691K [0x0000000082000000, 0x0000000087400000, 0x00000000d6000000)
  object space 86016K, 21% used [0x0000000082000000,0x0000000083240f08,0x0000000087400000)
 Metaspace       used 15908K, capacity 16128K, committed 16256K, reserved 1062912K
  class space    used 2052K, capacity 2124K, committed 2176K, reserved 1048576K
}
Event: 16.610 GC heap before
{Heap before GC invocations=6 (full 0):
 PSYoungGen      total 37376K, used 36875K [0x00000000d6000000, 0x00000000d9c80000, 0x0000000100000000)
  eden space 32256K, 98% used [0x00000000d6000000,0x00000000d7f06fb0,0x00000000d7f80000)
  from space 5120K, 99% used [0x00000000d8000000,0x00000000d84fc030,0x00000000d8500000)
  to   space 14848K, 0% used [0x00000000d8e00000,0x00000000d8e00000,0x00000000d9c80000)
 ParOldGen       total 86016K, used 18691K [0x0000000082000000, 0x0000000087400000, 0x00000000d6000000)
  object space 86016K, 21% used [0x0000000082000000,0x0000000083240f08,0x0000000087400000)
 Metaspace       used 16034K, capacity 16256K, committed 16512K, reserved 1062912K
  class space    used 2057K, capacity 2124K, committed 2176K, reserved 1048576K
Event: 16.613 GC heap after
Heap after GC invocations=6 (full 0):
 PSYoungGen      total 45056K, used 6068K [0x00000000d6000000, 0x00000000d9b00000, 0x0000000100000000)
  eden space 31744K, 0% used [0x00000000d6000000,0x00000000d6000000,0x00000000d7f00000)
  from space 13312K, 45% used [0x00000000d8e00000,0x00000000d93ed040,0x00000000d9b00000)
  to   space 14336K, 0% used [0x00000000d7f00000,0x00000000d7f00000,0x00000000d8d00000)
 ParOldGen       total 86016K, used 18699K [0x0000000082000000, 0x0000000087400000, 0x00000000d6000000)
  object space 86016K, 21% used [0x0000000082000000,0x0000000083242f08,0x0000000087400000)
 Metaspace       used 16034K, capacity 16256K, committed 16512K, reserved 1062912K
  class space    used 2057K, capacity 2124K, committed 2176K, reserved 1048576K
}

