# JRE version: Java(TM) SE Runtime Environment (8.0_151-b12) (build 1.8.0_151-b12)
# Java VM: Java HotSpot(TM) 64-Bit Server VM (25.151-b12 mixed mode windows-amd64 compressed oops)
Heap:
 PSYoungGen      total 33280K, used 4658K [0x00000000d6000000, 0x00000000d9380000, 0x0000000100000000)
  eden space 30208K, 5% used [0x00000000d6000000,0x00000000d61c1b90,0x00000000d7d80000)
  from space 3072K, 93% used [0x00000000d7e00000,0x00000000d80cb030,0x00000000d8100000)
  to   space 11264K, 0% used [0x00000000d8880000,0x00000000d8880000,0x00000000d9380000)
 ParOldGen       total 86016K, used 14298K [0x0000000082000000, 0x0000000087400000, 0x00000000d6000000)
  object space 86016K, 16% used [0x0000000082000000,0x0000000082df6870,0x0000000087400000)
 Metaspace       used 16157K, capacity 16424K, committed 16512K, reserved 1062912K
  class space    used 2059K, capacity 2156K, committed 2176K, reserved 1048576K
GC Heap History (10 events):
Event: 20.082 GC heap before
{Heap before GC invocations=5 (full 0):
 PSYoungGen      total 37888K, used 37324K [0x00000000d6000000, 0x00000000d8a00000, 0x0000000100000000)
  eden space 32768K, 99% used [0x00000000d6000000,0x00000000d7fb1dd8,0x00000000d8000000)
  from space 5120K, 95% used [0x00000000d8500000,0x00000000d89c1290,0x00000000d8a00000)
  to   space 5120K, 0% used [0x00000000d8000000,0x00000000d8000000,0x00000000d8500000)
 ParOldGen       total 86016K, used 10345K [0x0000000082000000, 0x0000000087400000, 0x00000000d6000000)
  object space 86016K, 12% used [0x0000000082000000,0x0000000082a1a440,0x0000000087400000)
 Metaspace       used 16001K, capacity 16192K, committed 16512K, reserved 1062912K
  class space    used 2054K, capacity 2124K, committed 2176K, reserved 1048576K
Event: 20.085 GC heap after
Heap after GC invocations=5 (full 0):
 PSYoungGen      total 37376K, used 4900K [0x00000000d6000000, 0x00000000d9680000, 0x0000000100000000)
  eden space 32256K, 0% used [0x00000000d6000000,0x00000000d6000000,0x00000000d7f80000)
  from space 5120K, 95% used [0x00000000d8000000,0x00000000d84c9290,0x00000000d8500000)
  to   space 11776K, 0% used [0x00000000d8b00000,0x00000000d8b00000,0x00000000d9680000)
 ParOldGen       total 86016K, used 10353K [0x0000000082000000, 0x0000000087400000, 0x00000000d6000000)
  object space 86016K, 12% used [0x0000000082000000,0x0000000082a1c440,0x0000000087400000)
 Metaspace       used 16001K, capacity 16192K, committed 16512K, reserved 1062912K
  class space    used 2054K, capacity 2124K, committed 2176K, reserved 1048576K
}
Event: 21.203 GC heap before
{Heap before GC invocations=6 (full 0):
 PSYoungGen      total 37376K, used 36332K [0x00000000d6000000, 0x00000000d9680000, 0x0000000100000000)
  eden space 32256K, 97% used [0x00000000d6000000,0x00000000d7eb1e18,0x00000000d7f80000)
  from space 5120K, 95% used [0x00000000d8000000,0x00000000d84c9290,0x00000000d8500000)
  to   space 11776K, 0% used [0x00000000d8b00000,0x00000000d8b00000,0x00000000d9680000)
 ParOldGen       total 86016K, used 10353K [0x0000000082000000, 0x0000000087400000, 0x00000000d6000000)
  object space 86016K, 12% used [0x0000000082000000,0x0000000082a1c440,0x0000000087400000)
 Metaspace       used 16010K, capacity 16192K, committed 16512K, reserved 1062912K
  class space    used 2054K, capacity 2124K, committed 2176K, reserved 1048576K
Event: 21.210 GC heap after
Heap after GC invocations=6 (full 0):
 PSYoungGen      total 41984K, used 4884K [0x00000000d6000000, 0x00000000d9500000, 0x0000000100000000)
  eden space 31744K, 0% used [0x00000000d6000000,0x00000000d6000000,0x00000000d7f00000)
  from space 10240K, 47% used [0x00000000d8b00000,0x00000000d8fc5280,0x00000000d9500000)
  to   space 11264K, 0% used [0x00000000d7f00000,0x00000000d7f00000,0x00000000d8a00000)
 ParOldGen       total 86016K, used 10361K [0x0000000082000000, 0x0000000087400000, 0x00000000d6000000)
  object space 86016K, 12% used [0x0000000082000000,0x0000000082a1e440,0x0000000087400000)
 Metaspace       used 16010K, capacity 16192K, committed 16512K, reserved 1062912K
  class space    used 2054K, capacity 2124K, committed 2176K, reserved 1048576K
}
Event: 22.341 GC heap before
{Heap before GC invocations=7 (full 0):
 PSYoungGen      total 41984K, used 36196K [0x00000000d6000000, 0x00000000d9500000, 0x0000000100000000)
  eden space 31744K, 98% used [0x00000000d6000000,0x00000000d7e94158,0x00000000d7f00000)
  from space 10240K, 47% used [0x00000000d8b00000,0x00000000d8fc5280,0x00000000d9500000)
  to   space 11264K, 0% used [0x00000000d7f00000,0x00000000d7f00000,0x00000000d8a00000)
 ParOldGen       total 86016K, used 10361K [0x0000000082000000, 0x0000000087400000, 0x00000000d6000000)
  object space 86016K, 12% used [0x0000000082000000,0x0000000082a1e440,0x0000000087400000)
 Metaspace       used 16026K, capacity 16200K, committed 16512K, reserved 1062912K
  class space    used 2054K, capacity 2124K, committed 2176K, reserved 1048576K
Event: 22.351 GC heap after
Heap after GC invocations=7 (full 0):
 PSYoungGen      total 42496K, used 1028K [0x00000000d6000000, 0x00000000d9580000, 0x0000000100000000)
  eden space 31232K, 0% used [0x00000000d6000000,0x00000000d6000000,0x00000000d7e80000)
  from space 11264K, 9% used [0x00000000d7f00000,0x00000000d8001010,0x00000000d8a00000)
  to   space 11776K, 0% used [0x00000000d8a00000,0x00000000d8a00000,0x00000000d9580000)
 ParOldGen       total 86016K, used 14258K [0x0000000082000000, 0x0000000087400000, 0x00000000d6000000)
  object space 86016K, 16% used [0x0000000082000000,0x0000000082dec870,0x0000000087400000)
 Metaspace       used 16026K, capacity 16200K, committed 16512K, reserved 1062912K
  class space    used 2054K, capacity 2124K, committed 2176K, reserved 1048576K
}
Event: 23.445 GC heap before
{Heap before GC invocations=8 (full 0):
 PSYoungGen      total 42496K, used 31476K [0x00000000d6000000, 0x00000000d9580000, 0x0000000100000000)
  eden space 31232K, 97% used [0x00000000d6000000,0x00000000d7dbc340,0x00000000d7e80000)
  from space 11264K, 9% used [0x00000000d7f00000,0x00000000d8001010,0x00000000d8a00000)
  to   space 11776K, 0% used [0x00000000d8a00000,0x00000000d8a00000,0x00000000d9580000)
 ParOldGen       total 86016K, used 14258K [0x0000000082000000, 0x0000000087400000, 0x00000000d6000000)
  object space 86016K, 16% used [0x0000000082000000,0x0000000082dec870,0x0000000087400000)
 Metaspace       used 16063K, capacity 16264K, committed 16512K, reserved 1062912K
  class space    used 2054K, capacity 2124K, committed 2176K, reserved 1048576K
Event: 23.448 GC heap after
Heap after GC invocations=8 (full 0):
 PSYoungGen      total 40960K, used 2828K [0x00000000d6000000, 0x00000000d9400000, 0x0000000100000000)
  eden space 30720K, 0% used [0x00000000d6000000,0x00000000d6000000,0x00000000d7e00000)
  from space 10240K, 27% used [0x00000000d8a00000,0x00000000d8cc3030,0x00000000d9400000)
  to   space 11264K, 0% used [0x00000000d7e00000,0x00000000d7e00000,0x00000000d8900000)
 ParOldGen       total 86016K, used 14282K [0x0000000082000000, 0x0000000087400000, 0x00000000d6000000)
  object space 86016K, 16% used [0x0000000082000000,0x0000000082df2870,0x0000000087400000)
 Metaspace       used 16063K, capacity 16264K, committed 16512K, reserved 1062912K
  class space    used 2054K, capacity 2124K, committed 2176K, reserved 1048576K
}
Event: 24.549 GC heap before
{Heap before GC invocations=9 (full 0):
 PSYoungGen      total 40960K, used 33404K [0x00000000d6000000, 0x00000000d9400000, 0x0000000100000000)
  eden space 30720K, 99% used [0x00000000d6000000,0x00000000d7ddc250,0x00000000d7e00000)
  from space 10240K, 27% used [0x00000000d8a00000,0x00000000d8cc3030,0x00000000d9400000)
  to   space 11264K, 0% used [0x00000000d7e00000,0x00000000d7e00000,0x00000000d8900000)
 ParOldGen       total 86016K, used 14282K [0x0000000082000000, 0x0000000087400000, 0x00000000d6000000)
  object space 86016K, 16% used [0x0000000082000000,0x0000000082df2870,0x0000000087400000)
 Metaspace       used 16155K, capacity 16424K, committed 16512K, reserved 1062912K
  class space    used 2059K, capacity 2156K, committed 2176K, reserved 1048576K
Event: 24.552 GC heap after
Heap after GC invocations=9 (full 0):
 PSYoungGen      total 33280K, used 2860K [0x00000000d6000000, 0x00000000d9380000, 0x0000000100000000)
  eden space 30208K, 0% used [0x00000000d6000000,0x00000000d6000000,0x00000000d7d80000)
  from space 3072K, 93% used [0x00000000d7e00000,0x00000000d80cb030,0x00000000d8100000)
  to   space 11264K, 0% used [0x00000000d8880000,0x00000000d8880000,0x00000000d9380000)
 ParOldGen       total 86016K, used 14298K [0x0000000082000000, 0x0000000087400000, 0x00000000d6000000)
  object space 86016K, 16% used [0x0000000082000000,0x0000000082df6870,0x0000000087400000)
 Metaspace       used 16155K, capacity 16424K, committed 16512K, reserved 1062912K
  class space    used 2059K, capacity 2156K, committed 2176K, reserved 1048576K
}

